  727  mkdir Worksheet5
  728  ls
  729  cd Worksheet5
  730  mkdir 'United States'
  731  ls
  732  rm 'United States'
  733  rmkdir 'United States"
  734  nano script.sh
  735  cd
  736  ls
  737  cd 'Worksheet 5'
  738  ls
  739  cd 'United States'
  740  nano script.sh
  741  bash script.sh
  742  wget https://raw.githubusercontent.com/jyotikahp/DemoRepoForCS131/main/Global%20YouTube%20Statistics.csv
  743  bash script.sh
  744  ls
  745  nano script.sh
  746  rm -m 'United States'
  747  nano script.sh
  748  rm -r "United States"
  749  ls
  750  bash script.sh
  751  cat ws5.txt
  752  nano script.sh
  753  bash script.sh
  754  ls
  755  cd 'United States'
  756  ls
  757  cat Comedy.txt
  758  cd ..
  759  ls
  760  cd ws5.txt
  761  cat ws5.txt
  762  cd ..
  763  ls
  764  cd 'United States'
  765  ls
  766  mv script.sh 'Worksheet 5'
  767  cd ..
  768  ls
  769  cd 'United States'
  770  mv script.sh ..
  771  cd ..
  772  mv script.sh 'Worksheet 5'
  773  cd 'United States'
  774  ls
  775  cd ..
  776  ls
  777  rm -m 'United States'
  778  rm -r 'United States'
  779  ls
  780  cd ..
  781  cd 'Worksheet 5'
  782  nano script.sh
  783  wget https://raw.githubusercontent.com/jyotikahp/DemoRepoForCS131/main/Global%20YouTube%20Statistics.csv
  784  bash script.sh
  785  ls
  786  cat ws5.txt
  787  nano script.sh
  788  bash script.sh
  789  ls
  790  cat ws5.txt
  791  rm ws5.txt
  792  ls
  793  nano script.sh
  794  bash script.sh
  795  ls
  796  cat ws5.txt
  797  nano script.sh
  798  rm ws5.txt
  799  bash script.sh
  800  cat ws5.txt
  801  git init
  802  history > cmds.log
